2024-06-15 11:01:41,789 INFO django.utils.autoreload Watching for file changes with StatReloader
2024-06-15 11:02:21,319 INFO django.utils.autoreload Watching for file changes with StatReloader
2024-06-15 11:03:57,243 INFO django.utils.autoreload Watching for file changes with StatReloader
2024-06-15 11:04:35,550 INFO django.utils.autoreload C:\Users\maxiw\PycharmProjects\MyCloud_backend\MyCloud\server\settings.py changed, reloading.
2024-06-15 11:04:35,856 INFO django.utils.autoreload Watching for file changes with StatReloader
2024-06-15 11:04:37,302 INFO django.utils.autoreload Watching for file changes with StatReloader
2024-06-15 11:05:20,746 INFO django.utils.autoreload Watching for file changes with StatReloader
2024-06-15 11:08:34,745 INFO django.utils.autoreload Watching for file changes with StatReloader
2024-06-15 11:09:03,973 INFO django.utils.autoreload Watching for file changes with StatReloader
2024-06-15 11:15:01,250 INFO django.utils.autoreload Watching for file changes with StatReloader
2024-06-15 11:15:21,401 INFO django.utils.autoreload Watching for file changes with StatReloader
2024-06-15 11:15:46,413 INFO django.utils.autoreload C:\Users\maxiw\PycharmProjects\MyCloud_backend\MyCloud\server\settings.py changed, reloading.
2024-06-15 11:15:46,742 INFO django.utils.autoreload Watching for file changes with StatReloader
2024-06-15 11:15:49,235 INFO django.utils.autoreload Watching for file changes with StatReloader
2024-06-15 11:16:03,923 INFO django.utils.autoreload C:\Users\maxiw\PycharmProjects\MyCloud_backend\MyCloud\server\settings.py changed, reloading.
2024-06-15 11:16:04,251 INFO django.utils.autoreload Watching for file changes with StatReloader
2024-06-15 11:16:06,309 INFO django.utils.autoreload Watching for file changes with StatReloader
2024-06-15 11:16:16,892 INFO django.utils.autoreload C:\Users\maxiw\PycharmProjects\MyCloud_backend\MyCloud\server\settings.py changed, reloading.
2024-06-15 11:16:17,216 INFO django.utils.autoreload Watching for file changes with StatReloader
2024-06-15 11:16:34,678 INFO django.utils.autoreload Watching for file changes with StatReloader
2024-06-15 11:17:14,123 INFO django.utils.autoreload C:\Users\maxiw\PycharmProjects\MyCloud_backend\MyCloud\server\settings.py changed, reloading.
2024-06-15 11:17:14,449 INFO django.utils.autoreload Watching for file changes with StatReloader
2024-06-15 11:17:16,165 INFO django.utils.autoreload Watching for file changes with StatReloader
2024-06-15 11:18:14,253 INFO django.utils.autoreload C:\Users\maxiw\PycharmProjects\MyCloud_backend\MyCloud\server\settings.py changed, reloading.
2024-06-15 11:18:14,581 INFO django.utils.autoreload Watching for file changes with StatReloader
2024-06-15 11:18:17,601 INFO django.utils.autoreload Watching for file changes with StatReloader
2024-06-15 11:18:59,134 INFO django.utils.autoreload C:\Users\maxiw\PycharmProjects\MyCloud_backend\MyCloud\server\settings.py changed, reloading.
2024-06-15 11:18:59,458 INFO django.utils.autoreload Watching for file changes with StatReloader
2024-06-15 11:19:11,089 INFO django.utils.autoreload Watching for file changes with StatReloader
2024-06-15 11:19:18,529 INFO django.utils.autoreload Watching for file changes with StatReloader
2024-06-15 11:20:39,826 INFO django.utils.autoreload Watching for file changes with StatReloader
2024-06-15 11:20:50,867 INFO django.utils.autoreload Watching for file changes with StatReloader
2024-06-15 11:21:07,517 INFO django.utils.autoreload Watching for file changes with StatReloader
2024-06-15 11:21:12,905 INFO django.utils.autoreload C:\Users\maxiw\PycharmProjects\MyCloud_backend\MyCloud\server\settings.py changed, reloading.
2024-06-15 11:21:13,247 INFO django.utils.autoreload Watching for file changes with StatReloader
2024-06-15 11:21:14,721 INFO django.utils.autoreload Watching for file changes with StatReloader
2024-06-15 11:48:57,859 INFO django.utils.autoreload Watching for file changes with StatReloader
2024-06-15 11:49:03,208 INFO django.server "OPTIONS /login/ HTTP/1.1" 200 0
2024-06-15 11:49:03,408 ERROR django.server "POST /login/ HTTP/1.1" 500 59
2024-06-15 11:50:07,855 INFO django.utils.autoreload C:\Users\maxiw\PycharmProjects\MyCloud_backend\MyCloud\server\settings.py changed, reloading.
2024-06-15 11:50:08,211 INFO django.utils.autoreload Watching for file changes with StatReloader
2024-06-15 11:51:13,437 INFO django.utils.autoreload C:\Users\maxiw\PycharmProjects\MyCloud_backend\MyCloud\server\settings.py changed, reloading.
2024-06-15 11:51:15,236 INFO django.utils.autoreload Watching for file changes with StatReloader
2024-06-15 11:51:22,009 ERROR django.server "POST /login/ HTTP/1.1" 500 59
2024-06-15 11:51:41,529 INFO django.utils.autoreload Watching for file changes with StatReloader
2024-06-15 11:51:47,270 ERROR django.server "POST /login/ HTTP/1.1" 500 59
2024-06-15 11:52:09,442 INFO django.utils.autoreload Watching for file changes with StatReloader
2024-06-15 11:52:10,976 INFO django.server "POST /login/ HTTP/1.1" 200 135
2024-06-15 11:52:11,001 INFO django.server "OPTIONS /api/users/1/ HTTP/1.1" 200 0
2024-06-15 11:52:11,001 INFO django.server "OPTIONS /api/files/ HTTP/1.1" 200 0
2024-06-15 11:52:11,001 INFO django.server "OPTIONS /api/users/ HTTP/1.1" 200 0
2024-06-15 11:52:11,003 INFO django.server "OPTIONS /api/users/1/ HTTP/1.1" 200 0
2024-06-15 11:52:11,004 INFO django.server "OPTIONS /api/files/ HTTP/1.1" 200 0
2024-06-15 11:52:11,004 INFO django.server "OPTIONS /api/users/ HTTP/1.1" 200 0
2024-06-15 11:52:11,032 INFO django.server "GET /api/files/ HTTP/1.1" 200 2
2024-06-15 11:52:11,039 INFO django.server "GET /api/users/1/ HTTP/1.1" 200 117
2024-06-15 11:52:11,050 INFO django.server "GET /api/users/ HTTP/1.1" 200 1322
2024-06-15 11:52:11,062 INFO django.server "GET /api/users/1/ HTTP/1.1" 200 117
2024-06-15 11:52:11,069 INFO django.server "GET /api/files/ HTTP/1.1" 200 2
2024-06-15 11:52:11,087 INFO django.server "GET /api/users/ HTTP/1.1" 200 1322
2024-06-15 11:52:26,328 INFO django.utils.autoreload C:\Users\maxiw\PycharmProjects\MyCloud_backend\MyCloud\server\settings.py changed, reloading.
2024-06-15 11:52:26,694 INFO django.utils.autoreload Watching for file changes with StatReloader
2024-06-15 11:52:54,646 INFO django.server "OPTIONS /logout/ HTTP/1.1" 200 0
2024-06-15 11:52:54,686 INFO django.server "GET /logout/ HTTP/1.1" 200 65
2024-06-15 11:54:16,598 INFO django.server "OPTIONS /register/ HTTP/1.1" 200 0
2024-06-15 11:54:16,880 INFO django.server "POST /register/ HTTP/1.1" 201 144
2024-06-15 11:54:16,897 INFO django.server "OPTIONS /api/users/17/ HTTP/1.1" 200 0
2024-06-15 11:54:16,901 INFO django.server "OPTIONS /api/users/17/ HTTP/1.1" 200 0
2024-06-15 11:54:16,921 INFO django.server "GET /api/files/ HTTP/1.1" 200 2
2024-06-15 11:54:16,921 INFO django.server "GET /api/users/ HTTP/1.1" 200 50
2024-06-15 11:54:16,932 INFO django.server "GET /api/users/17/ HTTP/1.1" 200 48
2024-06-15 11:54:16,943 INFO django.server "GET /api/files/ HTTP/1.1" 200 2
2024-06-15 11:54:16,955 INFO django.server "GET /api/users/17/ HTTP/1.1" 200 48
2024-06-15 11:54:16,962 INFO django.server "GET /api/users/ HTTP/1.1" 200 50
2024-06-15 11:54:33,337 INFO django.server "POST /api/files/ HTTP/1.1" 201 308
2024-06-15 11:54:33,362 INFO django.server "GET /api/files/ HTTP/1.1" 200 310
2024-06-15 11:54:58,922 INFO django.server "GET /logout/ HTTP/1.1" 200 75
2024-06-15 11:55:03,380 INFO django.server "POST /login/ HTTP/1.1" 200 135
2024-06-15 11:55:03,413 INFO django.server "GET /api/users/1/ HTTP/1.1" 200 117
2024-06-15 11:55:03,432 INFO django.server "GET /api/files/ HTTP/1.1" 200 310
2024-06-15 11:55:03,436 INFO django.server "GET /api/users/1/ HTTP/1.1" 200 117
2024-06-15 11:55:03,438 INFO django.server "GET /api/users/ HTTP/1.1" 200 1472
2024-06-15 11:55:03,458 INFO django.server "GET /api/files/ HTTP/1.1" 200 310
2024-06-15 11:55:03,480 INFO django.server "GET /api/users/ HTTP/1.1" 200 1472
2024-06-15 11:55:07,275 INFO django.server "GET /api/users/1/ HTTP/1.1" 200 117
2024-06-15 11:55:07,293 INFO django.server "GET /api/users/1/ HTTP/1.1" 200 117
2024-06-15 11:55:07,311 INFO django.server "GET /api/users/1/ HTTP/1.1" 200 117
2024-06-15 11:55:07,334 INFO django.server "GET /api/users/1/ HTTP/1.1" 200 117
2024-06-15 11:55:07,342 INFO django.server "GET /api/users/ HTTP/1.1" 200 1472
2024-06-15 11:55:07,385 INFO django.server "GET /api/users/ HTTP/1.1" 200 1472
2024-06-15 11:55:12,271 INFO django.server "GET /api/files/ HTTP/1.1" 200 310
2024-06-15 11:55:12,280 INFO django.server "GET /api/users/ HTTP/1.1" 200 1472
2024-06-15 11:55:12,302 INFO django.server "GET /api/files/ HTTP/1.1" 200 310
2024-06-15 11:55:12,327 INFO django.server "GET /api/users/ HTTP/1.1" 200 1472
